Using pre-set license
Built from '2021.3/staging' branch; Version is '2021.3.1f1 (3b70a0754835) revision 3895456'; Using compiler version '192829333'; Build Type 'Release'
OS: 'Windows 10  (10.0.19043) 64bit Professional' Language: 'en' Physical Memory: 8072 MB
BatchMode: 1, IsHumanControllingUs: 0, StartBugReporterOnCrash: 0, Is64bit: 1, IsPro: 1

COMMAND LINE ARGUMENTS:
C:\Program Files\Unity\Hub\Editor\2021.3.1f1\Editor\Unity.exe
-adb2
-batchMode
-noUpm
-name
AssetImportWorker0
-projectPath
C:/Users/wrous/Raiden3
-logFile
Logs/AssetImportWorker0.log
-srvPort
49254
Successfully changed project path to: C:/Users/wrous/Raiden3
C:/Users/wrous/Raiden3
[UnityMemory] Configuration Parameters - Can be set up in boot.config
    "memorysetup-bucket-allocator-granularity=16"
    "memorysetup-bucket-allocator-bucket-count=8"
    "memorysetup-bucket-allocator-block-size=33554432"
    "memorysetup-bucket-allocator-block-count=8"
    "memorysetup-main-allocator-block-size=16777216"
    "memorysetup-thread-allocator-block-size=16777216"
    "memorysetup-gfx-main-allocator-block-size=16777216"
    "memorysetup-gfx-thread-allocator-block-size=16777216"
    "memorysetup-cache-allocator-block-size=4194304"
    "memorysetup-typetree-allocator-block-size=2097152"
    "memorysetup-profiler-bucket-allocator-granularity=16"
    "memorysetup-profiler-bucket-allocator-bucket-count=8"
    "memorysetup-profiler-bucket-allocator-block-size=33554432"
    "memorysetup-profiler-bucket-allocator-block-count=8"
    "memorysetup-profiler-allocator-block-size=16777216"
    "memorysetup-profiler-editor-allocator-block-size=1048576"
    "memorysetup-temp-allocator-size-main=16777216"
    "memorysetup-job-temp-allocator-block-size=2097152"
    "memorysetup-job-temp-allocator-block-size-background=1048576"
    "memorysetup-job-temp-allocator-reduction-small-platforms=262144"
    "memorysetup-temp-allocator-size-background-worker=32768"
    "memorysetup-temp-allocator-size-job-worker=262144"
    "memorysetup-temp-allocator-size-preload-manager=33554432"
    "memorysetup-temp-allocator-size-nav-mesh-worker=65536"
    "memorysetup-temp-allocator-size-audio-worker=65536"
    "memorysetup-temp-allocator-size-cloud-worker=32768"
    "memorysetup-temp-allocator-size-gi-baking-worker=262144"
    "memorysetup-temp-allocator-size-gfx=262144"
Refreshing native plugins compatible for Editor in 301.48 ms, found 4 plugins.
Preloading 0 native plugins for Editor in 0.00 ms.
Initialize engine version: 2021.3.1f1 (3b70a0754835)
[Subsystems] Discovering subsystems at path C:/Program Files/Unity/Hub/Editor/2021.3.1f1/Editor/Data/Resources/UnitySubsystems
[Subsystems] Discovering subsystems at path C:/Users/wrous/Raiden3/Assets
GfxDevice: creating device client; threaded=0; jobified=0
Direct3D:
    Version:  Direct3D 11.0 [level 11.1]
    Renderer: Intel(R) HD Graphics 520 (ID=0x1916)
    Vendor:   Intel
    VRAM:     4036 MB
    Driver:   30.0.100.9865
Initialize mono
Mono path[0] = 'C:/Program Files/Unity/Hub/Editor/2021.3.1f1/Editor/Data/Managed'
Mono path[1] = 'C:/Program Files/Unity/Hub/Editor/2021.3.1f1/Editor/Data/MonoBleedingEdge/lib/mono/unityjit-win32'
Mono config path = 'C:/Program Files/Unity/Hub/Editor/2021.3.1f1/Editor/Data/MonoBleedingEdge/etc'
Using monoOptions --debugger-agent=transport=dt_socket,embedding=1,server=y,suspend=n,address=127.0.0.1:56304
Begin MonoManager ReloadAssembly
Registering precompiled unity dll's ...
Register platform support module: C:/Program Files/Unity/Hub/Editor/2021.3.1f1/Editor/Data/PlaybackEngines/WebGLSupport/UnityEditor.WebGL.Extensions.dll
Register platform support module: C:/Program Files/Unity/Hub/Editor/2021.3.1f1/Editor/Data/PlaybackEngines/WindowsStandaloneSupport/UnityEditor.WindowsStandalone.Extensions.dll
Registered in 0.034619 seconds.
Native extension for WindowsStandalone target not found
Native extension for WebGL target not found
Refreshing native plugins compatible for Editor in 420.30 ms, found 4 plugins.
Preloading 0 native plugins for Editor in 0.00 ms.
Mono: successfully reloaded assembly
- Completed reload, in  2.386 seconds
Domain Reload Profiling:
	ReloadAssembly (2391ms)
		BeginReloadAssembly (209ms)
			ExecutionOrderSort (0ms)
			DisableScriptedObjects (0ms)
			BackupInstance (0ms)
			ReleaseScriptingObjects (0ms)
			CreateAndSetChildDomain (1ms)
		EndReloadAssembly (1839ms)
			LoadAssemblies (203ms)
			RebuildTransferFunctionScriptingTraits (0ms)
			SetupTypeCache (302ms)
			ReleaseScriptCaches (0ms)
			RebuildScriptCaches (172ms)
			SetupLoadedEditorAssemblies (1225ms)
				LogAssemblyErrors (0ms)
				InitializePlatformSupportModulesInManaged (33ms)
				SetLoadedEditorAssemblies (0ms)
				RefreshPlugins (420ms)
				BeforeProcessingInitializeOnLoad (2ms)
				ProcessInitializeOnLoadAttributes (640ms)
				ProcessInitializeOnLoadMethodAttributes (129ms)
				AfterProcessingInitializeOnLoad (0ms)
				EditorAssembliesLoaded (0ms)
			ExecutionOrderSort2 (0ms)
			AwakeInstancesAfterBackupRestoration (0ms)
Platform modules already initialized, skipping
Registering precompiled user dll's ...
Registered in 0.031453 seconds.
Begin MonoManager ReloadAssembly
Symbol file LoadedFromMemory doesn't match image C:\Users\wrous\Raiden3\Library\PackageCache\com.unity.visualscripting@1.7.6\Editor\VisualScripting.Core\Dependencies\YamlDotNet\Unity.VisualScripting.YamlDotNet.dll
Symbol file LoadedFromMemory is not a mono symbol file
Symbol file LoadedFromMemory doesn't match image C:\Users\wrous\Raiden3\Library\PackageCache\com.unity.visualscripting@1.7.6\Editor\VisualScripting.Core\Dependencies\DotNetZip\Unity.VisualScripting.IonicZip.dll
Native extension for WindowsStandalone target not found
Native extension for WebGL target not found
Refreshing native plugins compatible for Editor in 214.72 ms, found 4 plugins.
Preloading 0 native plugins for Editor in 0.00 ms.
Mono: successfully reloaded assembly
- Completed reload, in  2.953 seconds
Domain Reload Profiling:
	ReloadAssembly (2954ms)
		BeginReloadAssembly (255ms)
			ExecutionOrderSort (0ms)
			DisableScriptedObjects (17ms)
			BackupInstance (0ms)
			ReleaseScriptingObjects (0ms)
			CreateAndSetChildDomain (37ms)
		EndReloadAssembly (2491ms)
			LoadAssemblies (300ms)
			RebuildTransferFunctionScriptingTraits (0ms)
			SetupTypeCache (461ms)
			ReleaseScriptCaches (1ms)
			RebuildScriptCaches (161ms)
			SetupLoadedEditorAssemblies (1288ms)
				LogAssemblyErrors (0ms)
				InitializePlatformSupportModulesInManaged (18ms)
				SetLoadedEditorAssemblies (0ms)
				RefreshPlugins (215ms)
				BeforeProcessingInitializeOnLoad (231ms)
				ProcessInitializeOnLoadAttributes (720ms)
				ProcessInitializeOnLoadMethodAttributes (84ms)
				AfterProcessingInitializeOnLoad (19ms)
				EditorAssembliesLoaded (0ms)
			ExecutionOrderSort2 (0ms)
			AwakeInstancesAfterBackupRestoration (14ms)
Platform modules already initialized, skipping
========================================================================
Worker process is ready to serve import requests
Launched and connected shader compiler UnityShaderCompiler.exe after 0.10 seconds
Refreshing native plugins compatible for Editor in 0.74 ms, found 4 plugins.
Preloading 0 native plugins for Editor in 0.00 ms.
Unloading 3917 Unused Serialized files (Serialized files now loaded: 0)
Unloading 40 unused Assets / (225.3 KB). Loaded Objects now: 4371.
Memory consumption went from 147.2 MB to 147.0 MB.
Total: 7.556200 ms (FindLiveObjects: 0.397900 ms CreateObjectMapping: 0.408300 ms MarkObjects: 6.424900 ms  DeleteObjects: 0.323000 ms)

AssetImportParameters requested are different than current active one (requested -> active):
  custom:video-decoder-ogg-theora: a1e56fd34408186e4bbccfd4996cb3dc -> 
  custom:container-muxer-webm: aa71ff27fc2769a1b78a27578f13a17b -> 
  custom:container-demuxer-webm: 4f35f7cbe854078d1ac9338744f61a02 -> 
  custom:video-encoder-webm-vp8: eb34c28f22e8b96e1ab97ce403110664 -> 
  custom:video-codec-MediaFoundation-h265: 746d11721c4dcdbdad8f713fa42b33f4 -> 
  custom:audio-encoder-webm-vorbis: bf7c407c2cedff20999df2af8eb42d56 -> 
  custom:framework-win-MediaFoundation: 216162199b28c13a410421893ffa2e32 -> 
  custom:container-demuxer-ogg: 62fdf1f143b41e24485cea50d1cbac27 -> 
  custom:video-decoder-webm-vp8: 9c59270c3fd7afecdb556c50c9e8de78 -> 
  custom:audio-decoder-ogg-vorbis: bf7c407c2cedff20999df2af8eb42d56 -> 
========================================================================
Received Import Request.
  Time since last request: 433221.679097 seconds.
  path: Assets/Sprites/0004.png
  artifactKey: Guid(efbe9dfbfa549e94192428c2875dc0df) Importer(815301076,1909f56bfc062723c751e8b465ee728b)
Start importing Assets/Sprites/0004.png using Guid(efbe9dfbfa549e94192428c2875dc0df) Importer(815301076,1909f56bfc062723c751e8b465ee728b)  -> (artifact id: 'ca3b01251280bb43e870513171008dea') in 0.574378 seconds 
========================================================================
Received Import Request.
  Time since last request: 0.000044 seconds.
  path: Assets/Sprites/0007.png
  artifactKey: Guid(1af491bc72d1b65449c23a0dbe4369a0) Importer(815301076,1909f56bfc062723c751e8b465ee728b)
Start importing Assets/Sprites/0007.png using Guid(1af491bc72d1b65449c23a0dbe4369a0) Importer(815301076,1909f56bfc062723c751e8b465ee728b)  -> (artifact id: 'b14198c658d86a24296e246ea7dfccca') in 0.805695 seconds 
========================================================================
Received Import Request.
  Time since last request: 0.000193 seconds.
  path: Assets/Sprites/0009.png
  artifactKey: Guid(688be58747b683b48bd291ac1986b023) Importer(815301076,1909f56bfc062723c751e8b465ee728b)
Start importing Assets/Sprites/0009.png using Guid(688be58747b683b48bd291ac1986b023) Importer(815301076,1909f56bfc062723c751e8b465ee728b)  -> (artifact id: 'ec6474a9e7d636066e9a487cf4419200') in 0.444300 seconds 
========================================================================
Received Import Request.
  Time since last request: 0.000033 seconds.
  path: Assets/Sprites/0006.png
  artifactKey: Guid(cd6690d8f74d64741bcdb7871da02e87) Importer(815301076,1909f56bfc062723c751e8b465ee728b)
Start importing Assets/Sprites/0006.png using Guid(cd6690d8f74d64741bcdb7871da02e87) Importer(815301076,1909f56bfc062723c751e8b465ee728b)  -> (artifact id: '5ea16480642dbe27cfe9fbe178b5dc36') in 0.900276 seconds 
========================================================================
Received Import Request.
  Time since last request: 0.001679 seconds.
  path: Assets/Sprites/0008.png
  artifactKey: Guid(169ffff7874c3bc4d856baeb836f09c3) Importer(815301076,1909f56bfc062723c751e8b465ee728b)
Start importing Assets/Sprites/0008.png using Guid(169ffff7874c3bc4d856baeb836f09c3) Importer(815301076,1909f56bfc062723c751e8b465ee728b)  -> (artifact id: 'a0421d15739d1f22f944fa0e938e53a3') in 2.391487 seconds 
========================================================================
Received Import Request.
  Time since last request: 0.000051 seconds.
  path: Assets/Sprites/0010.png
  artifactKey: Guid(97023424ba7682e42b51312a43e743ae) Importer(815301076,1909f56bfc062723c751e8b465ee728b)
Start importing Assets/Sprites/0010.png using Guid(97023424ba7682e42b51312a43e743ae) Importer(815301076,1909f56bfc062723c751e8b465ee728b)  -> (artifact id: '765270c8969c387eb50c6a48f9d9e750') in 5.617338 seconds 
========================================================================
Received Import Request.
  Time since last request: 0.000487 seconds.
  path: Assets/Sprites/0005.png
  artifactKey: Guid(b7d1e68d273f84441b4c3625bd0a8643) Importer(815301076,1909f56bfc062723c751e8b465ee728b)
Start importing Assets/Sprites/0005.png using Guid(b7d1e68d273f84441b4c3625bd0a8643) Importer(815301076,1909f56bfc062723c751e8b465ee728b)  -> (artifact id: 'aa01a7659e9accef4fc61f77a7d3b610') in 1.970820 seconds 
========================================================================
Received Import Request.
  Time since last request: 26.919360 seconds.
  path: Assets/Tiles/0004.png
  artifactKey: Guid(30c61b2c2d5ab0d4b98a8143b8140aa2) Importer(815301076,1909f56bfc062723c751e8b465ee728b)
Start importing Assets/Tiles/0004.png using Guid(30c61b2c2d5ab0d4b98a8143b8140aa2) Importer(815301076,1909f56bfc062723c751e8b465ee728b)  -> (artifact id: '66ea6b5bda847e0dee3a5b7899e5e564') in 0.264835 seconds 
========================================================================
Received Import Request.
  Time since last request: 0.000110 seconds.
  path: Assets/Tiles/0005.png
  artifactKey: Guid(bf1b536b96b973647bfe96ad42465a42) Importer(815301076,1909f56bfc062723c751e8b465ee728b)
Start importing Assets/Tiles/0005.png using Guid(bf1b536b96b973647bfe96ad42465a42) Importer(815301076,1909f56bfc062723c751e8b465ee728b)  -> (artifact id: '225c7ba2f9e9656f4b256368f7960f1f') in 4.848782 seconds 
========================================================================
Received Import Request.
  Time since last request: 0.000045 seconds.
  path: Assets/Tiles/0010.png
  artifactKey: Guid(c014fc5720807774db72553547264888) Importer(815301076,1909f56bfc062723c751e8b465ee728b)
Start importing Assets/Tiles/0010.png using Guid(c014fc5720807774db72553547264888) Importer(815301076,1909f56bfc062723c751e8b465ee728b)  -> (artifact id: 'c1db76e26be6a0498c7ece776e594d11') in 0.133679 seconds 
========================================================================
Received Import Request.
  Time since last request: 0.000041 seconds.
  path: Assets/Tiles/0009.png
  artifactKey: Guid(e62b370ee08d532479f4880dcf284adf) Importer(815301076,1909f56bfc062723c751e8b465ee728b)
Start importing Assets/Tiles/0009.png using Guid(e62b370ee08d532479f4880dcf284adf) Importer(815301076,1909f56bfc062723c751e8b465ee728b)  -> (artifact id: '7e8ebe0d1937e4b667858ab498e36ad8') in 39.373259 seconds 
========================================================================
Received Import Request.
  Time since last request: 0.000071 seconds.
  path: Assets/Tiles/0008.png
  artifactKey: Guid(700c88dae50ea014094b11fb7d80bc77) Importer(815301076,1909f56bfc062723c751e8b465ee728b)
Start importing Assets/Tiles/0008.png using Guid(700c88dae50ea014094b11fb7d80bc77) Importer(815301076,1909f56bfc062723c751e8b465ee728b)  -> (artifact id: '8e5cd221df3b9d6caf344ecda197fcd7') in 1.966371 seconds 
========================================================================
Received Import Request.
  Time since last request: 0.000044 seconds.
  path: Assets/Tiles/0006.png
  artifactKey: Guid(cf337bdec3295134dab34306a56c66ac) Importer(815301076,1909f56bfc062723c751e8b465ee728b)
Start importing Assets/Tiles/0006.png using Guid(cf337bdec3295134dab34306a56c66ac) Importer(815301076,1909f56bfc062723c751e8b465ee728b)  -> (artifact id: '14643c77ed2d660578b7a2ab47b1ef04') in 0.487255 seconds 
========================================================================
Received Import Request.
  Time since last request: 0.000180 seconds.
  path: Assets/Tiles/0007.png
  artifactKey: Guid(5058831588605994ca47146d6a6ff722) Importer(815301076,1909f56bfc062723c751e8b465ee728b)
Start importing Assets/Tiles/0007.png using Guid(5058831588605994ca47146d6a6ff722) Importer(815301076,1909f56bfc062723c751e8b465ee728b)  -> (artifact id: 'b509d6612a649332fe7a14163c4d04e3') in 2.961674 seconds 
========================================================================
Received Import Request.
  Time since last request: 76.662940 seconds.
  path: Assets/Tiles/New Rule Tile 1.asset
  artifactKey: Guid(3c001e1788e8da34b92b523fcba8c6fb) Importer(815301076,1909f56bfc062723c751e8b465ee728b)
Start importing Assets/Tiles/New Rule Tile 1.asset using Guid(3c001e1788e8da34b92b523fcba8c6fb) Importer(815301076,1909f56bfc062723c751e8b465ee728b)  -> (artifact id: '1af570010730fce054425efb43bae04e') in 0.085158 seconds 
========================================================================
Received Import Request.
  Time since last request: 636.178081 seconds.
  path: Assets/Tiles/0007.png
  artifactKey: Guid(5058831588605994ca47146d6a6ff722) Importer(815301076,1909f56bfc062723c751e8b465ee728b)
Start importing Assets/Tiles/0007.png using Guid(5058831588605994ca47146d6a6ff722) Importer(815301076,1909f56bfc062723c751e8b465ee728b)  -> (artifact id: '2fef859d6e97e4af37b3fc9255a99a54') in 0.091466 seconds 
========================================================================
Received Import Request.
  Time since last request: 235.970798 seconds.
  path: Assets/Tiles/0007.png
  artifactKey: Guid(5058831588605994ca47146d6a6ff722) Importer(815301076,1909f56bfc062723c751e8b465ee728b)
Start importing Assets/Tiles/0007.png using Guid(5058831588605994ca47146d6a6ff722) Importer(815301076,1909f56bfc062723c751e8b465ee728b)  -> (artifact id: '71cb482d8a1fb81e762a5827cd5b4cd9') in 29.260670 seconds 
========================================================================
Received Import Request.
  Time since last request: 369.595234 seconds.
  path: Assets/Tiles/0007.png
  artifactKey: Guid(5058831588605994ca47146d6a6ff722) Importer(815301076,1909f56bfc062723c751e8b465ee728b)
Start importing Assets/Tiles/0007.png using Guid(5058831588605994ca47146d6a6ff722) Importer(815301076,1909f56bfc062723c751e8b465ee728b)  -> (artifact id: '4f30678ef7aa6e928812c557b249614d') in 12.127388 seconds 
========================================================================
Received Import Request.
  Time since last request: 0.000060 seconds.
  path: Assets/Tiles/grass.asset
  artifactKey: Guid(f82d7284fd4f58f49bbfc7ae94db981e) Importer(815301076,1909f56bfc062723c751e8b465ee728b)
Start importing Assets/Tiles/grass.asset using Guid(f82d7284fd4f58f49bbfc7ae94db981e) Importer(815301076,1909f56bfc062723c751e8b465ee728b)  -> (artifact id: '9f739233e70535cddd8cda701af5c667') in 0.054560 seconds 
========================================================================
Received Import Request.
  Time since last request: 0.000046 seconds.
  path: Assets/Tiles/Rectangular Palette.prefab
  artifactKey: Guid(a2652985155328640a1f08c19a002c7a) Importer(815301076,1909f56bfc062723c751e8b465ee728b)
Start importing Assets/Tiles/Rectangular Palette.prefab using Guid(a2652985155328640a1f08c19a002c7a) Importer(815301076,1909f56bfc062723c751e8b465ee728b)  -> (artifact id: 'e701b92ca267adf382be8d08526c80f7') in 0.400337 seconds 
========================================================================
Received Import Request.
  Time since last request: 0.000038 seconds.
  path: Assets/Tiles/grass1.asset
  artifactKey: Guid(96c77d170bff80745b585ac777be5983) Importer(815301076,1909f56bfc062723c751e8b465ee728b)
Start importing Assets/Tiles/grass1.asset using Guid(96c77d170bff80745b585ac777be5983) Importer(815301076,1909f56bfc062723c751e8b465ee728b)  -> (artifact id: '457a42bbc80f41982f863b3e5f7d4438') in 0.039991 seconds 
========================================================================
Received Import Request.
  Time since last request: 5.064801 seconds.
  path: Assets/Tiles/0007_0.asset
  artifactKey: Guid(dbbb1464b611d4e49be4035ba5446d66) Importer(815301076,1909f56bfc062723c751e8b465ee728b)
Start importing Assets/Tiles/0007_0.asset using Guid(dbbb1464b611d4e49be4035ba5446d66) Importer(815301076,1909f56bfc062723c751e8b465ee728b)  -> (artifact id: 'f1d2bcb947de464899d87c6b32bbcf66') in 0.184680 seconds 
========================================================================
Received Import Request.
  Time since last request: 0.000053 seconds.
  path: Assets/Tiles/Rectangular Palette.prefab
  artifactKey: Guid(a2652985155328640a1f08c19a002c7a) Importer(815301076,1909f56bfc062723c751e8b465ee728b)
Start importing Assets/Tiles/Rectangular Palette.prefab using Guid(a2652985155328640a1f08c19a002c7a) Importer(815301076,1909f56bfc062723c751e8b465ee728b)  -> (artifact id: '0d2c24e10c8235101477395983e38ffa') in 0.116318 seconds 
========================================================================
Received Import Request.
  Time since last request: 1362.335540 seconds.
  path: Assets/Tiles/0007.png
  artifactKey: Guid(5058831588605994ca47146d6a6ff722) Importer(815301076,1909f56bfc062723c751e8b465ee728b)
Start importing Assets/Tiles/0007.png using Guid(5058831588605994ca47146d6a6ff722) Importer(815301076,1909f56bfc062723c751e8b465ee728b)  -> (artifact id: '2678475c5f032b57c7f1cc94c405537b') in 0.319058 seconds 
========================================================================
Received Import Request.
  Time since last request: 0.000140 seconds.
  path: Assets/Tiles/0007_0.asset
  artifactKey: Guid(dbbb1464b611d4e49be4035ba5446d66) Importer(815301076,1909f56bfc062723c751e8b465ee728b)
Start importing Assets/Tiles/0007_0.asset using Guid(dbbb1464b611d4e49be4035ba5446d66) Importer(815301076,1909f56bfc062723c751e8b465ee728b)  -> (artifact id: '6d89fdcc63ee46a9351da00bf3140ef8') in 0.046948 seconds 
========================================================================
Received Import Request.
  Time since last request: 0.000041 seconds.
  path: Assets/Tiles/Rectangular Palette.prefab
  artifactKey: Guid(a2652985155328640a1f08c19a002c7a) Importer(815301076,1909f56bfc062723c751e8b465ee728b)
Start importing Assets/Tiles/Rectangular Palette.prefab using Guid(a2652985155328640a1f08c19a002c7a) Importer(815301076,1909f56bfc062723c751e8b465ee728b)  -> (artifact id: '26adaad70dbf699cc26cfc2f483d1d37') in 0.080686 seconds 
========================================================================
Received Import Request.
  Time since last request: 44.133064 seconds.
  path: Assets/Tiles/0007_13.asset
  artifactKey: Guid(c5943d2d94f484840989add156529ac4) Importer(815301076,1909f56bfc062723c751e8b465ee728b)
Start importing Assets/Tiles/0007_13.asset using Guid(c5943d2d94f484840989add156529ac4) Importer(815301076,1909f56bfc062723c751e8b465ee728b)  -> (artifact id: 'ff6d5c2e140295f48283409095a0c175') in 0.059893 seconds 
========================================================================
Received Import Request.
  Time since last request: 0.000176 seconds.
  path: Assets/Tiles/Rectangular Palette.prefab
  artifactKey: Guid(a2652985155328640a1f08c19a002c7a) Importer(815301076,1909f56bfc062723c751e8b465ee728b)
Start importing Assets/Tiles/Rectangular Palette.prefab using Guid(a2652985155328640a1f08c19a002c7a) Importer(815301076,1909f56bfc062723c751e8b465ee728b)  -> (artifact id: '50fd3f2781b35a7ba3a838dc170ca312') in 1.648870 seconds 
========================================================================
Received Import Request.
  Time since last request: 87.638447 seconds.
  path: Assets/Tiles/0010.png
  artifactKey: Guid(c014fc5720807774db72553547264888) Importer(815301076,1909f56bfc062723c751e8b465ee728b)
Start importing Assets/Tiles/0010.png using Guid(c014fc5720807774db72553547264888) Importer(815301076,1909f56bfc062723c751e8b465ee728b)  -> (artifact id: '8da319c0909c2ae8e9548ffa0290a80d') in 3.708920 seconds 
========================================================================
Received Import Request.
  Time since last request: 354.057027 seconds.
  path: Assets/Tiles/0010.png
  artifactKey: Guid(c014fc5720807774db72553547264888) Importer(815301076,1909f56bfc062723c751e8b465ee728b)
Start importing Assets/Tiles/0010.png using Guid(c014fc5720807774db72553547264888) Importer(815301076,1909f56bfc062723c751e8b465ee728b)  -> (artifact id: '502b48b06c74442a6a09effe8ca85b90') in 0.969875 seconds 
